Initializing document watcher...
automotive/styles.css: {"insertSpaces":true,"tabSize":2}
automotive/index.htm: {"insertSpaces":true,"tabSize":2}
automotive/styles.css: {"insertSpaces":true,"tabSize":2}
automotive/styles.css: {"insertSpaces":true,"tabSize":2}
automotive/styles.css: {"insertSpaces":true,"tabSize":2}
automotive/styles.css: Using EditorConfig core...
styles.css: setEndOfLine(LF)
styles.css: editor.action.trimTrailingWhitespace
styles.css: insertFinalNewline(LF)
automotive/styles.css: {"insertSpaces":true,"tabSize":2}
automotive/styles.css: {"insertSpaces":true,"tabSize":2}
automotive/styles.css: {"insertSpaces":true,"tabSize":2}
automotive/.gitignore: {"insertSpaces":true,"tabSize":2}
automotive/.gitignore: Using EditorConfig core...
.gitignore: setEndOfLine(LF)
.gitignore: editor.action.trimTrailingWhitespace
.gitignore: insertFinalNewline(LF)
automotive/README.md: {"insertSpaces":true,"tabSize":2}
automotive/README.md: Using EditorConfig core...
README.md: setEndOfLine(LF)
README.md: insertFinalNewline(LF)
automotive/README.md: {"insertSpaces":true,"tabSize":2}
automotive/index.htm: {"insertSpaces":true,"tabSize":2}
automotive/README.md: {"insertSpaces":true,"tabSize":2}
automotive/README.md: Using EditorConfig core...
README.md: setEndOfLine(LF)
README.md: insertFinalNewline(LF)
automotive/index.htm: {"insertSpaces":true,"tabSize":2}
automotive/index.htm: Using EditorConfig core...
index.htm: setEndOfLine(LF)
index.htm: editor.action.trimTrailingWhitespace
automotive/styles.css: {"insertSpaces":true,"tabSize":2}
automotive/index.htm: {"insertSpaces":true,"tabSize":2}
automotive/index.htm: Using EditorConfig core...
index.htm: setEndOfLine(LF)
index.htm: editor.action.trimTrailingWhitespace
automotive/index.htm: {"insertSpaces":true,"tabSize":2}
automotive/index.htm: {"insertSpaces":true,"tabSize":2}
automotive/index.htm: Using EditorConfig core...
index.htm: setEndOfLine(LF)
index.htm: editor.action.trimTrailingWhitespace
automotive/index.htm: {"insertSpaces":true,"tabSize":2}
automotive/index.htm: {"insertSpaces":true,"tabSize":2}
automotive/styles.css: {"insertSpaces":true,"tabSize":2}
automotive/styles.css: Using EditorConfig core...
styles.css: setEndOfLine(LF)
styles.css: editor.action.trimTrailingWhitespace
automotive/styles.css: {"insertSpaces":true,"tabSize":2}
automotive/styles.css: Using EditorConfig core...
styles.css: setEndOfLine(LF)
styles.css: editor.action.trimTrailingWhitespace
automotive/styles.css: {"insertSpaces":true,"tabSize":2}
automotive/index.htm: {"insertSpaces":true,"tabSize":2}
automotive/index.htm: {"insertSpaces":true,"tabSize":2}
automotive/index.htm: {"insertSpaces":true,"tabSize":2}
automotive/index.htm: {"insertSpaces":true,"tabSize":2}
automotive/index.htm: {"insertSpaces":true,"tabSize":2}
automotive/index.htm: {"insertSpaces":true,"tabSize":2}
automotive/index.htm: Using EditorConfig core...
index.htm: setEndOfLine(LF)
index.htm: editor.action.trimTrailingWhitespace
automotive/index.htm: {"insertSpaces":true,"tabSize":2}
automotive/index.htm: Using EditorConfig core...
index.htm: setEndOfLine(LF)
index.htm: editor.action.trimTrailingWhitespace
automotive/index.htm: {"insertSpaces":true,"tabSize":2}
automotive/index.htm: Using EditorConfig core...
index.htm: setEndOfLine(LF)
index.htm: editor.action.trimTrailingWhitespace
automotive/index.htm: {"insertSpaces":true,"tabSize":2}
automotive/index.htm: {"insertSpaces":true,"tabSize":2}
automotive/index.htm: {"insertSpaces":true,"tabSize":2}
automotive/index.htm: {"insertSpaces":true,"tabSize":2}
automotive/index.htm: {"insertSpaces":true,"tabSize":2}
automotive/index.htm: {"insertSpaces":true,"tabSize":2}
automotive/index.htm: Using EditorConfig core...
index.htm: setEndOfLine(LF)
index.htm: editor.action.trimTrailingWhitespace
automotive/index.htm: {"insertSpaces":true,"tabSize":2}
automotive/index.htm: Using EditorConfig core...
index.htm: setEndOfLine(LF)
index.htm: editor.action.trimTrailingWhitespace
automotive/index.htm: Using EditorConfig core...
index.htm: setEndOfLine(LF)
index.htm: editor.action.trimTrailingWhitespace
automotive/index.htm: {"insertSpaces":true,"tabSize":2}
automotive/index.htm: {"insertSpaces":true,"tabSize":2}
automotive/index.htm: {"insertSpaces":true,"tabSize":2}
automotive/index.htm: {"insertSpaces":true,"tabSize":2}
automotive/index.htm: {"insertSpaces":true,"tabSize":2}
automotive/index.htm: {"insertSpaces":true,"tabSize":2}
automotive/index.htm: {"insertSpaces":true,"tabSize":2}
automotive/index.htm: {"insertSpaces":true,"tabSize":2}
automotive/index.htm: {"insertSpaces":true,"tabSize":2}
automotive/index.htm: {"insertSpaces":true,"tabSize":2}
automotive/index.htm: {"insertSpaces":true,"tabSize":2}
automotive/index.htm: {"insertSpaces":true,"tabSize":2}
automotive/index.htm: {"insertSpaces":true,"tabSize":2}
automotive/index.htm: {"insertSpaces":true,"tabSize":2}
automotive/index.htm: {"insertSpaces":true,"tabSize":2}
automotive/index.htm: {"insertSpaces":true,"tabSize":2}
automotive/index.htm: {"insertSpaces":true,"tabSize":2}
automotive/index.htm: {"insertSpaces":true,"tabSize":2}
automotive/index.htm: {"insertSpaces":true,"tabSize":2}
automotive/index.htm: {"insertSpaces":true,"tabSize":2}
automotive/index.htm: {"insertSpaces":true,"tabSize":2}
automotive/index.htm: {"insertSpaces":true,"tabSize":2}
automotive/index.htm: {"insertSpaces":true,"tabSize":2}
automotive/index.htm: Using EditorConfig core...
index.htm: setEndOfLine(LF)
index.htm: trimTrailingWhitespace()
automotive/styles.css: {"insertSpaces":true,"tabSize":2}
automotive/styles.css: Using EditorConfig core...
styles.css: setEndOfLine(LF)
styles.css: editor.action.trimTrailingWhitespace
automotive/styles.css: {"insertSpaces":true,"tabSize":2}
automotive/index.htm: {"insertSpaces":true,"tabSize":2}
automotive/styles.css: {"insertSpaces":true,"tabSize":2}
automotive/styles.css: {"insertSpaces":true,"tabSize":2}
automotive/styles.css: Using EditorConfig core...
styles.css: setEndOfLine(LF)
styles.css: editor.action.trimTrailingWhitespace
styles.css: insertFinalNewline(LF)
automotive/styles.css: {"insertSpaces":true,"tabSize":2}
automotive/styles.css: Using EditorConfig core...
styles.css: setEndOfLine(LF)
styles.css: editor.action.trimTrailingWhitespace
automotive/styles.css: {"insertSpaces":true,"tabSize":2}
automotive/styles.css: {"insertSpaces":true,"tabSize":2}
automotive/styles.css: {"insertSpaces":true,"tabSize":2}
automotive/styles.css: {"insertSpaces":true,"tabSize":2}
automotive/styles.css: Using EditorConfig core...
styles.css: setEndOfLine(LF)
styles.css: editor.action.trimTrailingWhitespace
automotive/styles.css: {"insertSpaces":true,"tabSize":2}
automotive/styles.css: {"insertSpaces":true,"tabSize":2}
automotive/styles.css: Using EditorConfig core...
styles.css: setEndOfLine(LF)
styles.css: editor.action.trimTrailingWhitespace
automotive/styles.css: {"insertSpaces":true,"tabSize":2}
automotive/styles.css: {"insertSpaces":true,"tabSize":2}
automotive/styles.css: {"insertSpaces":true,"tabSize":2}
automotive/styles.css: {"insertSpaces":true,"tabSize":2}
automotive/styles.css: Using EditorConfig core...
styles.css: setEndOfLine(LF)
styles.css: editor.action.trimTrailingWhitespace
styles.css: insertFinalNewline(LF)
automotive/index.htm: {"insertSpaces":true,"tabSize":2}
automotive/styles.css: {"insertSpaces":true,"tabSize":2}
automotive/styles.css: Using EditorConfig core...
styles.css: setEndOfLine(LF)
styles.css: editor.action.trimTrailingWhitespace
automotive/styles.css: {"insertSpaces":true,"tabSize":2}
automotive/index.htm: {"insertSpaces":true,"tabSize":2}
automotive/index.htm: Using EditorConfig core...
index.htm: setEndOfLine(LF)
index.htm: editor.action.trimTrailingWhitespace
automotive/index.htm: {"insertSpaces":true,"tabSize":2}
automotive/styles.css: {"insertSpaces":true,"tabSize":2}
automotive/index.htm: {"insertSpaces":true,"tabSize":2}
automotive/index.htm: Using EditorConfig core...
index.htm: setEndOfLine(LF)
index.htm: editor.action.trimTrailingWhitespace
automotive/index.htm: {"insertSpaces":true,"tabSize":2}
automotive/index.htm: Using EditorConfig core...
index.htm: setEndOfLine(LF)
index.htm: editor.action.trimTrailingWhitespace
automotive/index.htm: {"insertSpaces":true,"tabSize":2}
automotive/styles.css: {"insertSpaces":true,"tabSize":2}
automotive/index.htm: {"insertSpaces":true,"tabSize":2}
automotive/styles.css: {"insertSpaces":true,"tabSize":2}
automotive/styles.css: Using EditorConfig core...
styles.css: setEndOfLine(LF)
styles.css: editor.action.trimTrailingWhitespace
automotive/styles.css: {"insertSpaces":true,"tabSize":2}
automotive/styles.css: Using EditorConfig core...
styles.css: setEndOfLine(LF)
styles.css: editor.action.trimTrailingWhitespace
automotive/styles.css: Using EditorConfig core...
styles.css: setEndOfLine(LF)
styles.css: editor.action.trimTrailingWhitespace
automotive/styles.css: {"insertSpaces":true,"tabSize":2}
automotive/index.htm: {"insertSpaces":true,"tabSize":2}
automotive/index.htm: Using EditorConfig core...
index.htm: setEndOfLine(LF)
index.htm: editor.action.trimTrailingWhitespace
automotive/index.htm: {"insertSpaces":true,"tabSize":2}
automotive/styles.css: {"insertSpaces":true,"tabSize":2}
automotive/styles.css: Using EditorConfig core...
styles.css: setEndOfLine(LF)
styles.css: editor.action.trimTrailingWhitespace
automotive/styles.css: {"insertSpaces":true,"tabSize":2}
automotive/styles.css: Using EditorConfig core...
styles.css: setEndOfLine(LF)
styles.css: editor.action.trimTrailingWhitespace
automotive/styles.css: Using EditorConfig core...
styles.css: setEndOfLine(LF)
styles.css: editor.action.trimTrailingWhitespace
automotive/styles.css: {"insertSpaces":true,"tabSize":2}
automotive/styles.css: Using EditorConfig core...
styles.css: setEndOfLine(LF)
styles.css: editor.action.trimTrailingWhitespace
automotive/styles.css: {"insertSpaces":true,"tabSize":2}
automotive/styles.css: Using EditorConfig core...
styles.css: setEndOfLine(LF)
styles.css: editor.action.trimTrailingWhitespace
automotive/styles.css: {"insertSpaces":true,"tabSize":2}
automotive/styles.css: Using EditorConfig core...
styles.css: setEndOfLine(LF)
styles.css: editor.action.trimTrailingWhitespace
automotive/styles.css: {"insertSpaces":true,"tabSize":2}
automotive/styles.css: Using EditorConfig core...
styles.css: setEndOfLine(LF)
styles.css: editor.action.trimTrailingWhitespace
automotive/styles.css: {"insertSpaces":true,"tabSize":2}
automotive/styles.css: {"insertSpaces":true,"tabSize":2}
automotive/index.htm: {"insertSpaces":true,"tabSize":2}
automotive/styles.css: {"insertSpaces":true,"tabSize":2}
automotive/styles.css: Using EditorConfig core...
styles.css: setEndOfLine(LF)
styles.css: editor.action.trimTrailingWhitespace
automotive/styles.css: {"insertSpaces":true,"tabSize":2}
automotive/index.htm: {"insertSpaces":true,"tabSize":2}
automotive/index.htm: Using EditorConfig core...
index.htm: setEndOfLine(LF)
index.htm: editor.action.trimTrailingWhitespace
automotive/styles.css: {"insertSpaces":true,"tabSize":2}
automotive/styles.css: Using EditorConfig core...
styles.css: setEndOfLine(LF)
styles.css: editor.action.trimTrailingWhitespace
automotive/styles.css: Using EditorConfig core...
styles.css: setEndOfLine(LF)
styles.css: editor.action.trimTrailingWhitespace
automotive/styles.css: {"insertSpaces":true,"tabSize":2}
automotive/styles.css: Using EditorConfig core...
styles.css: setEndOfLine(LF)
styles.css: editor.action.trimTrailingWhitespace
automotive/styles.css: {"insertSpaces":true,"tabSize":2}
automotive/styles.css: Using EditorConfig core...
styles.css: setEndOfLine(LF)
styles.css: editor.action.trimTrailingWhitespace
automotive/index.htm: {"insertSpaces":true,"tabSize":2}
automotive/index.htm: {"insertSpaces":true,"tabSize":2}
automotive/index.htm: Using EditorConfig core...
index.htm: setEndOfLine(LF)
index.htm: editor.action.trimTrailingWhitespace
automotive/index.htm: {"insertSpaces":true,"tabSize":2}
automotive/styles.css: {"insertSpaces":true,"tabSize":2}
automotive/styles.css: Using EditorConfig core...
styles.css: setEndOfLine(LF)
styles.css: editor.action.trimTrailingWhitespace
automotive/styles.css: Using EditorConfig core...
styles.css: setEndOfLine(LF)
styles.css: editor.action.trimTrailingWhitespace
automotive/styles.css: {"insertSpaces":true,"tabSize":2}
automotive/index.htm: {"insertSpaces":true,"tabSize":2}
automotive/styles.css: {"insertSpaces":true,"tabSize":2}
automotive/styles.css: Using EditorConfig core...
styles.css: setEndOfLine(LF)
styles.css: editor.action.trimTrailingWhitespace
automotive/styles.css: {"insertSpaces":true,"tabSize":2}
automotive/index.htm: {"insertSpaces":true,"tabSize":2}
automotive/styles.css: {"insertSpaces":true,"tabSize":2}
automotive/index.htm: {"insertSpaces":true,"tabSize":2}
automotive/styles.css: {"insertSpaces":true,"tabSize":2}
automotive/styles.css: Using EditorConfig core...
styles.css: setEndOfLine(LF)
styles.css: editor.action.trimTrailingWhitespace
automotive/styles.css: {"insertSpaces":true,"tabSize":2}
automotive/styles.css: Using EditorConfig core...
styles.css: setEndOfLine(LF)
styles.css: editor.action.trimTrailingWhitespace
automotive/styles.css: {"insertSpaces":true,"tabSize":2}
automotive/index.htm: {"insertSpaces":true,"tabSize":2}
automotive/styles.css: {"insertSpaces":true,"tabSize":2}
automotive/styles.css: Using EditorConfig core...
styles.css: setEndOfLine(LF)
styles.css: editor.action.trimTrailingWhitespace
automotive/styles.css: {"insertSpaces":true,"tabSize":2}
automotive/styles.css: Using EditorConfig core...
styles.css: setEndOfLine(LF)
styles.css: editor.action.trimTrailingWhitespace
automotive/styles.css: {"insertSpaces":true,"tabSize":2}
automotive/styles.css: Using EditorConfig core...
styles.css: setEndOfLine(LF)
styles.css: editor.action.trimTrailingWhitespace
automotive/styles.css: {"insertSpaces":true,"tabSize":2}
automotive/styles.css: Using EditorConfig core...
styles.css: setEndOfLine(LF)
styles.css: editor.action.trimTrailingWhitespace
automotive/styles.css: Using EditorConfig core...
styles.css: setEndOfLine(LF)
styles.css: editor.action.trimTrailingWhitespace
automotive/styles.css: {"insertSpaces":true,"tabSize":2}
automotive/styles.css: Using EditorConfig core...
styles.css: setEndOfLine(LF)
styles.css: editor.action.trimTrailingWhitespace
automotive/styles.css: {"insertSpaces":true,"tabSize":2}
automotive/styles.css: Using EditorConfig core...
styles.css: setEndOfLine(LF)
styles.css: editor.action.trimTrailingWhitespace
automotive/styles.css: {"insertSpaces":true,"tabSize":2}
automotive/styles.css: Using EditorConfig core...
styles.css: setEndOfLine(LF)
styles.css: editor.action.trimTrailingWhitespace
automotive/styles.css: {"insertSpaces":true,"tabSize":2}
automotive/styles.css: Using EditorConfig core...
styles.css: setEndOfLine(LF)
styles.css: editor.action.trimTrailingWhitespace
automotive/styles.css: {"insertSpaces":true,"tabSize":2}
automotive/styles.css: Using EditorConfig core...
styles.css: setEndOfLine(LF)
styles.css: editor.action.trimTrailingWhitespace
automotive/styles.css: {"insertSpaces":true,"tabSize":2}
automotive/styles.css: Using EditorConfig core...
styles.css: setEndOfLine(LF)
styles.css: editor.action.trimTrailingWhitespace
automotive/styles.css: Using EditorConfig core...
styles.css: setEndOfLine(LF)
styles.css: editor.action.trimTrailingWhitespace
automotive/styles.css: {"insertSpaces":true,"tabSize":2}
automotive/index.htm: {"insertSpaces":true,"tabSize":2}
automotive/styles.css: {"insertSpaces":true,"tabSize":2}
automotive/styles.css: Using EditorConfig core...
styles.css: setEndOfLine(LF)
styles.css: editor.action.trimTrailingWhitespace
automotive/styles.css: {"insertSpaces":true,"tabSize":2}
automotive/styles.css: Using EditorConfig core...
styles.css: setEndOfLine(LF)
styles.css: editor.action.trimTrailingWhitespace
automotive/styles.css: {"insertSpaces":true,"tabSize":2}
automotive/styles.css: Using EditorConfig core...
styles.css: setEndOfLine(LF)
styles.css: editor.action.trimTrailingWhitespace
automotive/styles.css: {"insertSpaces":true,"tabSize":2}
automotive/styles.css: Using EditorConfig core...
styles.css: setEndOfLine(LF)
styles.css: editor.action.trimTrailingWhitespace
automotive/styles.css: {"insertSpaces":true,"tabSize":2}
automotive/styles.css: Using EditorConfig core...
styles.css: setEndOfLine(LF)
styles.css: editor.action.trimTrailingWhitespace
automotive/styles.css: {"insertSpaces":true,"tabSize":2}
automotive/styles.css: Using EditorConfig core...
styles.css: setEndOfLine(LF)
styles.css: editor.action.trimTrailingWhitespace
automotive/styles.css: {"insertSpaces":true,"tabSize":2}
automotive/index.htm: {"insertSpaces":true,"tabSize":2}
automotive/styles.css: {"insertSpaces":true,"tabSize":2}
automotive/index.htm: {"insertSpaces":true,"tabSize":2}
automotive/index.htm: Using EditorConfig core...
index.htm: setEndOfLine(LF)
index.htm: editor.action.trimTrailingWhitespace
automotive/styles.css: {"insertSpaces":true,"tabSize":2}
automotive/styles.css: Using EditorConfig core...
styles.css: setEndOfLine(LF)
styles.css: editor.action.trimTrailingWhitespace
automotive/styles.css: {"insertSpaces":true,"tabSize":2}
automotive/styles.css: Using EditorConfig core...
styles.css: setEndOfLine(LF)
styles.css: editor.action.trimTrailingWhitespace
automotive/styles.css: {"insertSpaces":true,"tabSize":2}
automotive/styles.css: Using EditorConfig core...
styles.css: setEndOfLine(LF)
styles.css: editor.action.trimTrailingWhitespace
automotive/styles.css: {"insertSpaces":true,"tabSize":2}
automotive/styles.css: Using EditorConfig core...
styles.css: setEndOfLine(LF)
styles.css: editor.action.trimTrailingWhitespace
automotive/styles.css: {"insertSpaces":true,"tabSize":2}
automotive/styles.css: Using EditorConfig core...
styles.css: setEndOfLine(LF)
styles.css: editor.action.trimTrailingWhitespace
automotive/styles.css: {"insertSpaces":true,"tabSize":2}
automotive/styles.css: Using EditorConfig core...
styles.css: setEndOfLine(LF)
styles.css: editor.action.trimTrailingWhitespace
automotive/styles.css: {"insertSpaces":true,"tabSize":2}
automotive/styles.css: Using EditorConfig core...
styles.css: setEndOfLine(LF)
styles.css: editor.action.trimTrailingWhitespace
automotive/styles.css: {"insertSpaces":true,"tabSize":2}
automotive/styles.css: Using EditorConfig core...
styles.css: setEndOfLine(LF)
styles.css: editor.action.trimTrailingWhitespace
automotive/styles.css: {"insertSpaces":true,"tabSize":2}
automotive/styles.css: {"insertSpaces":true,"tabSize":2}
automotive/styles.css: Using EditorConfig core...
styles.css: setEndOfLine(LF)
styles.css: editor.action.trimTrailingWhitespace
automotive/styles.css: {"insertSpaces":true,"tabSize":2}
automotive/styles.css: {"insertSpaces":true,"tabSize":2}
automotive/styles.css: Using EditorConfig core...
styles.css: setEndOfLine(LF)
styles.css: editor.action.trimTrailingWhitespace
automotive/styles.css: {"insertSpaces":true,"tabSize":2}
automotive/styles.css: Using EditorConfig core...
styles.css: setEndOfLine(LF)
styles.css: editor.action.trimTrailingWhitespace
automotive/styles.css: {"insertSpaces":true,"tabSize":2}
automotive/index.htm: {"insertSpaces":true,"tabSize":2}
automotive/styles.css: {"insertSpaces":true,"tabSize":2}
automotive/styles.css: Using EditorConfig core...
styles.css: setEndOfLine(LF)
styles.css: editor.action.trimTrailingWhitespace
automotive/styles.css: {"insertSpaces":true,"tabSize":2}
automotive/styles.css: Using EditorConfig core...
styles.css: setEndOfLine(LF)
styles.css: editor.action.trimTrailingWhitespace
automotive/styles.css: {"insertSpaces":true,"tabSize":2}
automotive/README.md: {"insertSpaces":true,"tabSize":2}
automotive/README.md: Using EditorConfig core...
README.md: setEndOfLine(LF)
README.md: insertFinalNewline(LF)
automotive/README.md: Using EditorConfig core...
README.md: setEndOfLine(LF)
README.md: insertFinalNewline(LF)
automotive/README.md: Using EditorConfig core...
README.md: setEndOfLine(LF)
automotive/README.md: {"insertSpaces":true,"tabSize":2}
automotive/README.md: {"insertSpaces":true,"tabSize":2}
automotive/.gitignore: {"insertSpaces":true,"tabSize":2}
automotive/.gitignore: Using EditorConfig core...
.gitignore: setEndOfLine(LF)
.gitignore: editor.action.trimTrailingWhitespace
automotive/.gitignore: {"insertSpaces":true,"tabSize":2}
automotive/.gitignore: {"insertSpaces":true,"tabSize":2}
automotive/.gitignore: {"insertSpaces":true,"tabSize":2}
automotive/README.md: {"insertSpaces":true,"tabSize":2}
automotive/README.md: Using EditorConfig core...
README.md: setEndOfLine(LF)
automotive/README.md: {"insertSpaces":true,"tabSize":2}
automotive/.gitignore: {"insertSpaces":true,"tabSize":2}
automotive/.gitignore: {"insertSpaces":true,"tabSize":2}
automotive/.gitignore: Using EditorConfig core...
.gitignore: setEndOfLine(LF)
.gitignore: editor.action.trimTrailingWhitespace
.gitignore: insertFinalNewline(LF)
automotive/.gitignore: Using EditorConfig core...
.gitignore: setEndOfLine(LF)
.gitignore: editor.action.trimTrailingWhitespace
.gitignore: insertFinalNewline(LF)
